
[Log Startup at 14:00:26]
2023-12-28 14:00:26.794 (Info) EventServer.StartService - Starting ClientServices...
2023-12-28 14:00:26.801 (Info) EventService.Initialize - Event Service Initialized...
2023-12-28 14:00:26.801 (Info) EventService.Start - Event Service Thread created...
2023-12-28 14:00:26.801 (Info) EventServer.StartService - Create new event listener on server...
2023-12-28 14:00:26.807 (Info) EventServer.StartService.ThreadStart - Starting event listener thread...
2023-12-28 14:00:26.807 (Info) EventServer.StartService.ListenerThread - Event Listener Thread Started successfully.
2023-12-28 14:00:26.808 (Info) EventServer.Listener.Start - Starting listener...
2023-12-28 14:00:26.809 (Info) EventServer.Listener - Server started on port 9101
2023-12-28 14:01:16.689 (Info) EventServer.StopService - Stopping events services...
2023-12-28 14:01:16.689 (Info) EventService.Stop - Stopping service thread...
2023-12-28 14:01:16.800 (Info) EventService.Stop - Events Thread pool stopped.
2023-12-28 14:01:16.800 (Info) EventService.Stop - Stop event client connections 0 active connections.
2023-12-28 14:01:16.800 (Info) EventServer.ClientTask.Stop - Completed successfully.
2023-12-28 14:01:16.800 (Info) EventServer.StopService.Listener.Stop - Initiating listener stop....
2023-12-28 14:01:16.800 (Info) EventServer.StopService.Listener.Stop -  successfull.
2023-12-28 14:01:17.191 (Info) EventServer.ListenerThread.Join - Completed.

[Log Startup at 14:01:23]
2023-12-28 14:01:23.583 (Info) EventServer.StartService - Starting ClientServices...
2023-12-28 14:01:23.587 (Info) EventService.Initialize - Event Service Initialized...
2023-12-28 14:01:23.588 (Info) EventService.Start - Event Service Thread created...
2023-12-28 14:01:23.588 (Info) EventServer.StartService - Create new event listener on server...
2023-12-28 14:01:23.628 (Info) EventServer.StartService.ThreadStart - Starting event listener thread...
2023-12-28 14:01:23.628 (Info) EventServer.StartService.ListenerThread - Event Listener Thread Started successfully.
2023-12-28 14:01:23.630 (Info) EventServer.Listener.Start - Starting listener...
2023-12-28 14:01:23.633 (Info) EventServer.Listener - Server started on port 9101
