
[Log Startup at 11:20:27]
2023-07-03 11:20:27.507 (Info) EventServer.StartService - Starting ClientServices...
2023-07-03 11:20:27.510 (Info) EventService.Initialize - Event Service Initialized...
2023-07-03 11:20:27.511 (Info) EventService.Start - Event Service Thread created...
2023-07-03 11:20:27.511 (Info) EventServer.StartService - Create new event listener on server...
2023-07-03 11:20:27.516 (Info) EventServer.StartService.ThreadStart - Starting event listener thread...
2023-07-03 11:20:27.517 (Info) EventServer.StartService.ListenerThread - Event Listener Thread Started successfully.
2023-07-03 11:20:27.519 (Info) EventServer.Listener.Start - Starting listener...
2023-07-03 11:20:27.526 (Error) EventServer.Listener - An attempt was made to access a socket in a way forbidden by its access permissions(System)
2023-07-03 11:22:34.568 (Info) EventServer.StopService - Stopping events services...
2023-07-03 11:22:34.568 (Info) EventService.Stop - Stopping service thread...
2023-07-03 11:22:34.630 (Info) EventService.Stop - Events Thread pool stopped.
2023-07-03 11:22:34.630 (Info) EventService.Stop - Stop event client connections 0 active connections.
2023-07-03 11:22:34.630 (Info) EventServer.ClientTask.Stop - Completed successfully.
2023-07-03 11:22:34.630 (Info) EventServer.StopService.Listener.Stop - Initiating listener stop....
2023-07-03 11:22:34.630 (Info) EventServer.StopService.Listener.Stop -  successfull.

[Log Startup at 11:38:18]
2023-07-03 11:38:18.115 (Info) EventServer.StopService - Stopping events services...
2023-07-03 11:38:18.115 (Info) EventService.Stop - Stopping service thread...
2023-07-03 11:38:18.212 (Info) EventService.Stop - Events Thread pool stopped.
2023-07-03 11:38:18.212 (Info) EventService.Stop - Stop event client connections 0 active connections.
2023-07-03 11:38:18.212 (Info) EventServer.ClientTask.Stop - Completed successfully.
2023-07-03 11:38:18.212 (Info) EventServer.StopService.Listener.Stop - Initiating listener stop....
2023-07-03 11:38:18.212 (Info) EventServer.StopService.Listener.Stop -  successfull.
2023-07-03 11:38:18.257 (Info) EventServer.ListenerThread.Join - Completed.
