
[Log Startup at 09:26:05]
2021-11-09 09:26:05.242 (Info) EventServer.StartService - Starting ClientServices...
2021-11-09 09:26:05.260 (Info) EventService.Initialize - Event Service Initialized...
2021-11-09 09:26:05.261 (Info) EventService.Start - Event Service Thread created...
2021-11-09 09:26:05.261 (Info) EventServer.StartService - Create new event listener on server...
2021-11-09 09:26:05.473 (Info) EventServer.StartService.ThreadStart - Starting event listener thread...
2021-11-09 09:26:05.473 (Info) EventServer.StartService.ListenerThread - Event Listener Thread Started successfully.
2021-11-09 09:26:05.474 (Info) EventServer.Listener.Start - Starting listener...
2021-11-09 09:26:05.638 (Info) EventServer.Listener - Server started on port 9101
2021-11-09 09:30:05.563 (Info) EventServer.StopService - Stopping events services...
2021-11-09 09:30:05.563 (Info) EventService.Stop - Stopping service thread...
2021-11-09 09:30:05.627 (Info) EventService.Stop - Events Thread pool stopped.
2021-11-09 09:30:05.627 (Info) EventService.Stop - Stop event client connections 0 active connections.
2021-11-09 09:30:05.627 (Info) EventServer.ClientTask.Stop - Completed successfully.
2021-11-09 09:30:05.627 (Info) EventServer.StopService.Listener.Stop - Initiating listener stop....
2021-11-09 09:30:05.627 (Info) EventServer.StopService.Listener.Stop -  successfull.
2021-11-09 09:30:05.984 (Info) EventServer.ListenerThread.Join - Completed.

[Log Startup at 09:33:13]
2021-11-09 09:33:13.068 (Info) EventServer.StartService - Starting ClientServices...
2021-11-09 09:33:13.076 (Info) EventService.Initialize - Event Service Initialized...
2021-11-09 09:33:13.076 (Info) EventService.Start - Event Service Thread created...
2021-11-09 09:33:13.077 (Info) EventServer.StartService - Create new event listener on server...
2021-11-09 09:33:13.239 (Info) EventServer.StartService.ThreadStart - Starting event listener thread...
2021-11-09 09:33:13.240 (Info) EventServer.StartService.ListenerThread - Event Listener Thread Started successfully.
2021-11-09 09:33:13.244 (Info) EventServer.Listener.Start - Starting listener...
2021-11-09 09:33:13.439 (Info) EventServer.Listener - Server started on port 9101

[Log Startup at 09:44:45]
2021-11-09 09:44:45.092 (Info) EventServer.StartService - Starting ClientServices...
2021-11-09 09:44:45.099 (Info) EventService.Initialize - Event Service Initialized...
2021-11-09 09:44:45.100 (Info) EventService.Start - Event Service Thread created...
2021-11-09 09:44:45.100 (Info) EventServer.StartService - Create new event listener on server...
2021-11-09 09:44:45.162 (Info) EventServer.StartService.ThreadStart - Starting event listener thread...
2021-11-09 09:44:45.164 (Info) EventServer.StartService.ListenerThread - Event Listener Thread Started successfully.
2021-11-09 09:44:45.168 (Info) EventServer.Listener.Start - Starting listener...
2021-11-09 09:44:45.285 (Info) EventServer.Listener - Server started on port 9101
2021-11-09 09:44:48.814 (Info) EventServer.StopService - Stopping events services...
2021-11-09 09:44:48.814 (Info) EventService.Stop - Stopping service thread...
2021-11-09 09:44:48.894 (Info) EventService.Stop - Events Thread pool stopped.
2021-11-09 09:44:48.894 (Info) EventService.Stop - Stop event client connections 0 active connections.
2021-11-09 09:44:48.894 (Info) EventServer.ClientTask.Stop - Completed successfully.
2021-11-09 09:44:48.894 (Info) EventServer.StopService.Listener.Stop - Initiating listener stop....
2021-11-09 09:44:48.894 (Info) EventServer.StopService.Listener.Stop -  successfull.
2021-11-09 09:44:49.175 (Info) EventServer.ListenerThread.Join - Completed.

[Log Startup at 09:46:13]
2021-11-09 09:46:13.617 (Info) EventServer.StartService - Starting ClientServices...
2021-11-09 09:46:13.630 (Info) EventService.Initialize - Event Service Initialized...
2021-11-09 09:46:13.631 (Info) EventService.Start - Event Service Thread created...
2021-11-09 09:46:13.631 (Info) EventServer.StartService - Create new event listener on server...
2021-11-09 09:46:13.673 (Info) EventServer.StartService.ThreadStart - Starting event listener thread...
2021-11-09 09:46:13.673 (Info) EventServer.StartService.ListenerThread - Event Listener Thread Started successfully.
2021-11-09 09:46:13.677 (Info) EventServer.Listener.Start - Starting listener...
2021-11-09 09:46:13.707 (Info) EventServer.Listener - Server started on port 9101

[Log Startup at 10:16:27]
2021-11-09 10:16:27.851 (Info) EventServer.StartService - Starting ClientServices...
2021-11-09 10:16:27.867 (Info) EventService.Initialize - Event Service Initialized...
2021-11-09 10:16:27.867 (Info) EventService.Start - Event Service Thread created...
2021-11-09 10:16:27.867 (Info) EventServer.StartService - Create new event listener on server...
2021-11-09 10:16:27.914 (Info) EventServer.StartService.ThreadStart - Starting event listener thread...
2021-11-09 10:16:27.914 (Info) EventServer.StartService.ListenerThread - Event Listener Thread Started successfully.
2021-11-09 10:16:27.914 (Info) EventServer.Listener.Start - Starting listener...
2021-11-09 10:16:28.169 (Info) EventServer.Listener - Server started on port 9101
2021-11-09 10:22:04.135 (Info) EventServer.StopService - Stopping events services...
2021-11-09 10:22:04.136 (Info) EventService.Stop - Stopping service thread...
2021-11-09 10:22:04.184 (Info) EventService.Stop - Events Thread pool stopped.
2021-11-09 10:22:04.184 (Info) EventService.Stop - Stop event client connections 0 active connections.
2021-11-09 10:22:04.184 (Info) EventServer.ClientTask.Stop - Completed successfully.
2021-11-09 10:22:04.184 (Info) EventServer.StopService.Listener.Stop - Initiating listener stop....
2021-11-09 10:22:04.185 (Info) EventServer.StopService.Listener.Stop -  successfull.
2021-11-09 10:22:04.446 (Info) EventServer.ListenerThread.Join - Completed.
