
[Log Startup at 11:20:27]
2023-07-03 11:20:27.619 (Info) Server.StartService - SILSocketServer, Ver=1.0.0 Build 0
2023-07-03 11:20:27.727 (Info) Server.StartService - Starting ClientServices...
2023-07-03 11:20:27.832 (Info) ClientService.Initialize - Client service pool created for 50 threads.
2023-07-03 11:20:27.937 (Info) ClientService.Start - Client threads on server: 50.
2023-07-03 11:20:28.040 (Info) Server.StartService - Create new listener on server...
2023-07-03 11:20:28.144 (Info) Server.StartService.ThreadStart - Starting listener thread...
2023-07-03 11:20:28.249 (Info) Server.StartService.ListenerThread - Listener Thread Started successfully on port 9100.
2023-07-03 11:20:28.353 (Info) Server.Listener.Start - Starting listener...
2023-07-03 11:20:28.460 (Error) Server.Listener - An attempt was made to access a socket in a way forbidden by its access permissions(System)
2023-07-03 11:22:32.998 (Info) Server.StopService - Stopping client services...
2023-07-03 11:22:33.366 (Info) ClientService.Stop - Stopping thread service...
2023-07-03 11:22:33.669 (Info) ClientService.Stop - Thread pool stopped.
2023-07-03 11:22:33.777 (Info) ClientService.Stop - Stop client connections 0 active connections.
2023-07-03 11:22:33.884 (Info) Server.ClientTask.Stop - Completed successfully.
2023-07-03 11:22:33.990 (Info) Server.StopService.Listener.Stop - Initiating listener stop....
2023-07-03 11:22:34.096 (Info) Server.StopService.Listener.Stop -  successfull.
2023-07-03 11:22:34.203 (Info) Server.StopService - Uptime: 0 days 0 hours 2 minutes 6 seconds.
2023-07-03 11:22:34.310 (Info) EventServer.StopService - Sending Signal to Stop Event Service

[Log Startup at 11:38:13]
2023-07-03 11:38:13.681 (Info) Server.StopService - Stopping client services...
2023-07-03 11:38:14.000 (Info) ClientService.Stop - Stopping thread service...
2023-07-03 11:38:14.107 (Info) ClientService.Stop - Thread pool stopped.
2023-07-03 11:38:14.214 (Info) ClientService.Stop - Stop client connections 8 active connections.
2023-07-03 11:38:14.322 (Info) ClientHandler.Close - Duration: 00:02:07.7469660
2023-07-03 11:38:14.429 (Info) ClientHandler.Close - Closing Connection to Client 192.168.118.169
2023-07-03 11:38:14.537 (Info) ClientHandler.Close - Connection Closed.
2023-07-03 11:38:14.644 (Info) ClientHandler.Close - Duration: 00:10:42.2372305
2023-07-03 11:38:14.752 (Info) ClientHandler.Close - Closing Connection to Client 192.168.118.169
2023-07-03 11:38:14.861 (Info) ClientHandler.Close - Connection Closed.
2023-07-03 11:38:14.969 (Info) ClientHandler.Close - Duration: 00:15:36.4945896
2023-07-03 11:38:15.078 (Info) ClientHandler.Close - Closing Connection to Client 192.168.118.169
2023-07-03 11:38:15.186 (Info) ClientHandler.Close - Connection Closed.
2023-07-03 11:38:15.293 (Info) ClientHandler.Close - Duration: 00:03:24.7134383
2023-07-03 11:38:15.400 (Info) ClientHandler.Close - Closing Connection to Client 192.168.118.169
2023-07-03 11:38:15.508 (Info) ClientHandler.Close - Connection Closed.
2023-07-03 11:38:15.616 (Info) ClientHandler.Close - Duration: 00:13:58.1986758
2023-07-03 11:38:15.724 (Info) ClientHandler.Close - Closing Connection to Client 192.168.118.169
2023-07-03 11:38:15.833 (Info) ClientHandler.Close - Connection Closed.
2023-07-03 11:38:15.941 (Info) ClientHandler.Close - Duration: 00:14:55.3956751
2023-07-03 11:38:16.049 (Info) ClientHandler.Close - Closing Connection to Client 192.168.118.169
2023-07-03 11:38:16.156 (Info) ClientHandler.Close - Connection Closed.
2023-07-03 11:38:16.264 (Info) ClientHandler.Close - Duration: 00:03:51.5811568
2023-07-03 11:38:16.373 (Info) ClientHandler.Close - Closing Connection to Client 192.168.118.169
2023-07-03 11:38:16.483 (Info) ClientHandler.Close - Connection Closed.
2023-07-03 11:38:16.591 (Info) ClientHandler.Close - Duration: 00:13:53.3114481
2023-07-03 11:38:16.698 (Info) ClientHandler.Close - Closing Connection to Client 192.168.118.169
2023-07-03 11:38:16.806 (Info) ClientHandler.Close - Connection Closed.
2023-07-03 11:38:16.913 (Info) Server.ClientTask.Stop - Completed successfully.
2023-07-03 11:38:17.020 (Info) Server.StopService.Listener.Stop - Initiating listener stop....
2023-07-03 11:38:17.129 (Info) Server.StopService.Listener.Stop -  successfull.
2023-07-03 11:38:17.237 (Info) Server.ListenerThread.Join - Completed.
2023-07-03 11:38:17.345 (Info) Server.StopService - Uptime: 0 days 0 hours 15 minutes 38 seconds.
2023-07-03 11:38:17.453 (Info) EventServer.StopService - Sending Signal to Stop Event Service
